#-----------------------------------------------------------
# PlanAhead v14.7 (64-bit)
# Build 321239 by xbuild on Fri Sep 27 19:29:51 MDT 2013
# Start of session at: Wed Nov 05 10:40:29 2025
# Process ID: 5316
# Log file: C:/Xilinx/ise_projects/music_playing/planAhead_run_2/planAhead.log
# Journal file: C:/Xilinx/ise_projects/music_playing/planAhead_run_2/planAhead.jou
#-----------------------------------------------------------
INFO: [Common 17-78] Attempting to get a license: PlanAhead
INFO: [Common 17-290] Got license for PlanAhead
INFO: [Common 17-86] Your PlanAhead license expires in -278 day(s)
INFO: [Device 21-36] Loading parts and site information from C:/Xilinx/14.7/ISE_DS/PlanAhead/data/parts/arch.xml
Parsing RTL primitives file [C:/Xilinx/14.7/ISE_DS/PlanAhead/data/parts/xilinx/rtl/prims/rtl_prims.xml]
Finished parsing RTL primitives file [C:/Xilinx/14.7/ISE_DS/PlanAhead/data/parts/xilinx/rtl/prims/rtl_prims.xml]
start_gui
source C:/Xilinx/ise_projects/music_playing/pa.fromNetlist.tcl
# create_project -name music_playing -dir "C:/Xilinx/ise_projects/music_playing/planAhead_run_3" -part xc3s50antqg144-5
ERROR: [Common 17-53] User Exception: Project already exists on disk, please use '-force' option to overwrite: 
     C:/Xilinx/ise_projects/music_playing/planAhead_run_3/music_playing.ppr
     C:/Xilinx/ise_projects/music_playing/planAhead_run_3/music_playing.data

    while executing
"create_project -name music_playing -dir "C:/Xilinx/ise_projects/music_playing/planAhead_run_3" -part xc3s50antqg144-5"
    (file "C:/Xilinx/ise_projects/music_playing/pa.fromNetlist.tcl" line 4)
exit
INFO: [Common 17-206] Exiting PlanAhead at Wed Nov 05 11:09:06 2025...
INFO: [Common 17-83] Releasing license: PlanAhead
